生成启动时间为 2016/10/7 15:17:53。
     1>项目“D:\VS2013_file\算法入门经典（紫书）\ch5\测试STL\测试STL.vcxproj”在节点 2 上(Build 个目标)。
     1>ClCompile:
         E:\软件\VS2013\VC\bin\CL.exe /c /ZI /nologo /W3 /WX- /Od /Oy- /D WIN32 /D _DEBUG /D _CONSOLE /D _LIB /D _UNICODE /D UNICODE /Gm /EHsc /RTC1 /MDd /GS /fp:precise /Zc:wchar_t /Zc:forScope /Fo"Debug\\" /Fd"Debug\vc120.pdb" /Gd /TP /analyze- /errorReport:prompt "源.cpp"
         源.cpp
     1>d:\vs2013_file\算法入门经典（紫书）\ch5\测试stl\源.cpp(28): warning C4018: “<”: 有符号/无符号不匹配
     1>d:\vs2013_file\算法入门经典（紫书）\ch5\测试stl\源.cpp(35): error C4430: 缺少类型说明符 - 假定为 int。注意:  C++ 不支持默认 int
     1>d:\vs2013_file\算法入门经典（紫书）\ch5\测试stl\源.cpp(35): error C2365: “srand”: 重定义；以前的定义是“函数”
                 e:\软件\vs2013\vc\include\stdlib.h(541) : 参见“srand”的声明
     1>d:\vs2013_file\算法入门经典（紫书）\ch5\测试stl\源.cpp(35): warning C4244: “初始化”: 从“time_t”转换到“int”，可能丢失数据
     1>已完成生成项目“D:\VS2013_file\算法入门经典（紫书）\ch5\测试STL\测试STL.vcxproj”(Build 个目标)的操作 - 失败。

生成失败。

已用时间 00:00:00.40
